  imgui.cpp
  imgui_demo.cpp
  imgui_draw.cpp
  imgui_impl_glfw.cpp
  imgui_impl_opengl3.cpp
  imgui_tables.cpp
  imgui_widgets.cpp
  RAW.cpp
  Shader.cpp
  Texture.cpp
C:\Users\amazi\Desktop\Vol\volumerendering\VolumetricRendering\src\Texture.cpp(52,100): warning C4267: 'argument': conversion from 'size_t' to 'GLsizei', possible loss of data
  VolumetricRendering.cpp
C:\Users\amazi\Desktop\Vol\volumerendering\VolumetricRendering\src\VolumetricRendering.cpp(9,1): warning C4005: 'WIDTH': macro redefinition
C:\Users\amazi\Desktop\Vol\volumerendering\VolumetricRendering\src\Data.h(31): message : see previous definition of 'WIDTH'
C:\Users\amazi\Desktop\Vol\volumerendering\VolumetricRendering\src\VolumetricRendering.cpp(10,1): warning C4005: 'HEIGHT': macro redefinition
C:\Users\amazi\Desktop\Vol\volumerendering\VolumetricRendering\src\Data.h(32): message : see previous definition of 'HEIGHT'
  Generating Code...
LINK : warning LNK4098: defaultlib 'MSVCRT' conflicts with use of other libs; use /NODEFAULTLIB:library
LINK : warning LNK4098: defaultlib 'LIBCMT' conflicts with use of other libs; use /NODEFAULTLIB:library
glew32s.lib(glew.obj) : warning LNK4099: PDB 'vc120.pdb' was not found with 'glew32s.lib(glew.obj)' or at 'C:\Users\amazi\Desktop\Vol\volumerendering\bin\x64\Debug\vc120.pdb'; linking object as if no debug info
  VolumetricRendering.vcxproj -> C:\Users\amazi\Desktop\Vol\volumerendering\bin\x64\Debug\VolumetricRendering.exe
