c:\users\amazi\desktop\mastersproject\high-performance-volumetric-rendering\volumetricrendering\bin\intermediates\x64\debug\vc142.pdb
c:\users\amazi\desktop\mastersproject\high-performance-volumetric-rendering\volumetricrendering\bin\intermediates\x64\debug\vc142.idb
c:\users\amazi\desktop\mastersproject\high-performance-volumetric-rendering\volumetricrendering\bin\intermediates\x64\debug\volumetricrendering.obj
c:\users\amazi\desktop\mastersproject\high-performance-volumetric-rendering\volumetricrendering\bin\intermediates\x64\debug\ui_renderer.obj
c:\users\amazi\desktop\mastersproject\high-performance-volumetric-rendering\volumetricrendering\bin\intermediates\x64\debug\imgui_widgets.obj
c:\users\amazi\desktop\mastersproject\high-performance-volumetric-rendering\volumetricrendering\bin\intermediates\x64\debug\imgui_tables.obj
c:\users\amazi\desktop\mastersproject\high-performance-volumetric-rendering\volumetricrendering\bin\intermediates\x64\debug\imgui_impl_opengl3.obj
c:\users\amazi\desktop\mastersproject\high-performance-volumetric-rendering\volumetricrendering\bin\intermediates\x64\debug\imgui_impl_glfw.obj
c:\users\amazi\desktop\mastersproject\high-performance-volumetric-rendering\volumetricrendering\bin\intermediates\x64\debug\imgui_draw.obj
c:\users\amazi\desktop\mastersproject\high-performance-volumetric-rendering\volumetricrendering\bin\intermediates\x64\debug\imgui_demo.obj
c:\users\amazi\desktop\mastersproject\high-performance-volumetric-rendering\volumetricrendering\bin\intermediates\x64\debug\imgui.obj
c:\users\amazi\desktop\mastersproject\high-performance-volumetric-rendering\volumetricrendering\bin\x64\debug\volumetricrendering.exe
c:\users\amazi\desktop\mastersproject\high-performance-volumetric-rendering\volumetricrendering\bin\x64\debug\volumetricrendering.ilk
c:\users\amazi\desktop\mastersproject\high-performance-volumetric-rendering\volumetricrendering\bin\x64\debug\volumetricrendering.pdb
c:\users\amazi\desktop\mastersproject\high-performance-volumetric-rendering\volumetricrendering\bin\intermediates\x64\debug\volumetr.bbcf7930.tlog\cl.command.1.tlog
c:\users\amazi\desktop\mastersproject\high-performance-volumetric-rendering\volumetricrendering\bin\intermediates\x64\debug\volumetr.bbcf7930.tlog\cl.read.1.tlog
c:\users\amazi\desktop\mastersproject\high-performance-volumetric-rendering\volumetricrendering\bin\intermediates\x64\debug\volumetr.bbcf7930.tlog\cl.write.1.tlog
c:\users\amazi\desktop\mastersproject\high-performance-volumetric-rendering\volumetricrendering\bin\intermediates\x64\debug\volumetr.bbcf7930.tlog\link.command.1.tlog
c:\users\amazi\desktop\mastersproject\high-performance-volumetric-rendering\volumetricrendering\bin\intermediates\x64\debug\volumetr.bbcf7930.tlog\link.read.1.tlog
c:\users\amazi\desktop\mastersproject\high-performance-volumetric-rendering\volumetricrendering\bin\intermediates\x64\debug\volumetr.bbcf7930.tlog\link.write.1.tlog
